0 info it worked if it ends with ok
1 verbose cli [ 'C:\\Program Files\\nodejs\\node.exe',
1 verbose cli   'C:\\Program Files\\nodejs\\node_modules\\npm\\bin\\npm-cli.js',
1 verbose cli   'install',
1 verbose cli   'cnpm',
1 verbose cli   '-g',
1 verbose cli   '--registry=https://registry.npm.taobao.org' ]
2 info using npm@2.15.1
3 info using node@v4.4.3
4 verbose install initial load of C:\Users\Administrator\AppData\Roaming\npm\package.json
5 verbose readDependencies loading dependencies from C:\Users\Administrator\AppData\Roaming\npm\package.json
6 silly cache add args [ 'cnpm', null ]
7 verbose cache add spec cnpm
8 silly cache add parsed spec Result {
8 silly cache add   raw: 'cnpm',
8 silly cache add   scope: null,
8 silly cache add   name: 'cnpm',
8 silly cache add   rawSpec: '',
8 silly cache add   spec: 'latest',
8 silly cache add   type: 'tag' }
9 silly addNamed cnpm@latest
10 verbose addNamed "latest" is being treated as a dist-tag for cnpm
11 info addNameTag [ 'cnpm', 'latest' ]
12 silly mapToRegistry name cnpm
13 silly mapToRegistry using default registry
14 silly mapToRegistry registry https://registry.npm.taobao.org/
15 silly mapToRegistry data Result {
15 silly mapToRegistry   raw: 'cnpm',
15 silly mapToRegistry   scope: null,
15 silly mapToRegistry   name: 'cnpm',
15 silly mapToRegistry   rawSpec: '',
15 silly mapToRegistry   spec: 'latest',
15 silly mapToRegistry   type: 'tag' }
16 silly mapToRegistry uri https://registry.npm.taobao.org/cnpm
17 verbose addNameTag registry:https://registry.npm.taobao.org/cnpm not in flight; fetching
18 verbose request uri https://registry.npm.taobao.org/cnpm
19 verbose request no auth needed
20 info attempt registry request try #1 at 09:28:15
21 verbose request id 76f8ae817eb52629
22 http request GET https://registry.npm.taobao.org/cnpm
23 info retry will retry, error on last attempt: Error: getaddrinfo ENOTFOUND registry.npm.taobao.org registry.npm.taobao.org:443
24 info attempt registry request try #2 at 09:28:38
25 http request GET https://registry.npm.taobao.org/cnpm
26 info retry will retry, error on last attempt: Error: getaddrinfo ENOTFOUND registry.npm.taobao.org registry.npm.taobao.org:443
27 info attempt registry request try #3 at 09:29:50
28 http request GET https://registry.npm.taobao.org/cnpm
29 verbose stack Error: getaddrinfo ENOTFOUND registry.npm.taobao.org registry.npm.taobao.org:443
29 verbose stack     at errnoException (dns.js:27:10)
29 verbose stack     at GetAddrInfoReqWrap.onlookup [as oncomplete] (dns.js:78:26)
30 verbose cwd E:\WEBued\vue\zhengshivue
31 error Windows_NT 6.1.7601
32 error argv "C:\\Program Files\\nodejs\\node.exe" "C:\\Program Files\\nodejs\\node_modules\\npm\\bin\\npm-cli.js" "install" "cnpm" "-g" "--registry=https://registry.npm.taobao.org"
33 error node v4.4.3
34 error npm  v2.15.1
35 error code ENOTFOUND
36 error errno ENOTFOUND
37 error syscall getaddrinfo
38 error network getaddrinfo ENOTFOUND registry.npm.taobao.org registry.npm.taobao.org:443
38 error network This is most likely not a problem with npm itself
38 error network and is related to network connectivity.
38 error network In most cases you are behind a proxy or have bad network settings.
38 error network
38 error network If you are behind a proxy, please make sure that the
38 error network 'proxy' config is set properly.  See: 'npm help config'
39 verbose exit [ 1, true ]
